Traceback (most recent call last):
  File "/home/runner/micromamba/envs/data_science/lib/python3.12/site-packages/jupyter_cache/executors/utils.py", line 58, in single_nb_execution
    executenb(
  File "/home/runner/micromamba/envs/data_science/lib/python3.12/site-packages/nbclient/client.py", line 1323, in execute
    return NotebookClient(nb=nb, resources=resources, km=km, **kwargs).execute()
           ^^^^^^^^^^^^^^^^^^^^^^^^^^^^^^^^^^^^^^^^^^^^^^^^^^^^^^^^^^^^^^^^^^^^^
  File "/home/runner/micromamba/envs/data_science/lib/python3.12/site-packages/jupyter_core/utils/__init__.py", line 165, in wrapped
    return loop.run_until_complete(inner)
           ^^^^^^^^^^^^^^^^^^^^^^^^^^^^^^
  File "/home/runner/micromamba/envs/data_science/lib/python3.12/asyncio/base_events.py", line 691, in run_until_complete
    return future.result()
           ^^^^^^^^^^^^^^^
  File "/home/runner/micromamba/envs/data_science/lib/python3.12/site-packages/nbclient/client.py", line 709, in async_execute
    await self.async_execute_cell(
  File "/home/runner/micromamba/envs/data_science/lib/python3.12/site-packages/nbclient/client.py", line 1062, in async_execute_cell
    await self._check_raise_for_error(cell, cell_index, exec_reply)
  File "/home/runner/micromamba/envs/data_science/lib/python3.12/site-packages/nbclient/client.py", line 918, in _check_raise_for_error
    raise CellExecutionError.from_cell_and_msg(cell, exec_reply_content)
nbclient.exceptions.CellExecutionError: An error occurred while executing the following cell:
------------------
n_labels = 1000  # how many small text labels to display (besides the hover option)

df_umap["label"] = ""
df_umap.loc[:n_labels - 1, "label"] = df_umap.loc[:n_labels - 1, "word"]

fig = px.scatter_3d(
    df_umap,
    x="x",
    y="y",
    z="z",
    text="label",
    color="count",
    hover_name="word",
    hover_data={
        "count": True,
        "x": False,
        "y": False,
    },
    title=f"UMAP projection of {n_words} most common Word2Vec embeddings",
    width=1200,
    height=1000,
)

fig.update_traces(
    marker=dict(size=6),
    textposition="top center",
    textfont_size=9,
)

fig.show()
------------------


[31m---------------------------------------------------------------------------[39m
[31mNameError[39m                                 Traceback (most recent call last)
[36mCell[39m[36m [39m[32mIn[23][39m[32m, line 6[39m
[32m      2[39m 
[32m      3[39m df_umap[[33m"label"[39m] = [33m""[39m
[32m      4[39m df_umap.loc[:n_labels - [32m1[39m, [33m"label"[39m] = df_umap.loc[:n_labels - [32m1[39m, [33m"word"[39m]
[32m      5[39m 
[32m----> [39m[32m6[39m fig = px.scatter_3d(
[32m      7[39m     df_umap,
[32m      8[39m     x=[33m"x"[39m,
[32m      9[39m     y=[33m"y"[39m,

[31mNameError[39m: name 'px' is not defined

