Traceback (most recent call last):
  File "/home/runner/micromamba/envs/data_science/lib/python3.9/site-packages/jupyter_cache/executors/utils.py", line 58, in single_nb_execution
    executenb(
  File "/home/runner/micromamba/envs/data_science/lib/python3.9/site-packages/nbclient/client.py", line 1314, in execute
    return NotebookClient(nb=nb, resources=resources, km=km, **kwargs).execute()
  File "/home/runner/micromamba/envs/data_science/lib/python3.9/site-packages/jupyter_core/utils/__init__.py", line 165, in wrapped
    return loop.run_until_complete(inner)
  File "/home/runner/micromamba/envs/data_science/lib/python3.9/asyncio/base_events.py", line 647, in run_until_complete
    return future.result()
  File "/home/runner/micromamba/envs/data_science/lib/python3.9/site-packages/nbclient/client.py", line 709, in async_execute
    await self.async_execute_cell(
  File "/home/runner/micromamba/envs/data_science/lib/python3.9/site-packages/nbclient/client.py", line 1062, in async_execute_cell
    await self._check_raise_for_error(cell, cell_index, exec_reply)
  File "/home/runner/micromamba/envs/data_science/lib/python3.9/site-packages/nbclient/client.py", line 918, in _check_raise_for_error
    raise CellExecutionError.from_cell_and_msg(cell, exec_reply_content)
nbclient.exceptions.CellExecutionError: An error occurred while executing the following cell:
------------------
import plotly.express as px

# Data preparted for treemap plot
data = pd.DataFrame({
    'Percentile': ['0-50%', '50-60%', '60-70%', '70-80%', '80-90%', '90-100%'],
    'Total Wealth': [1.8, 3.8, 7.2, 12., 19.5, 56.1],
})

# Creating the treemap
fig = px.treemap(data, 
                 path=['Percentile'], 
                 values='Total Wealth',
                 color='Total Wealth',
                 color_continuous_scale='thermal',
                 title="Total Wealth for Each Population Percentile")

# Display the figure
fig.update_layout(margin = dict(t=50, l=25, r=25, b=25))
fig.show()

------------------


[0;31m---------------------------------------------------------------------------[0m
[0;31mModuleNotFoundError[0m                       Traceback (most recent call last)
Cell [0;32mIn[34], line 1[0m
[0;32m----> 1[0m [38;5;28;01mimport[39;00m [38;5;21;01mplotly[39;00m[38;5;21;01m.[39;00m[38;5;21;01mexpress[39;00m [38;5;28;01mas[39;00m [38;5;21;01mpx[39;00m
[1;32m      3[0m [38;5;66;03m# Data preparted for treemap plot[39;00m
[1;32m      4[0m data [38;5;241m=[39m pd[38;5;241m.[39mDataFrame({
[1;32m      5[0m     [38;5;124m'[39m[38;5;124mPercentile[39m[38;5;124m'[39m: [[38;5;124m'[39m[38;5;124m0-50[39m[38;5;124m%[39m[38;5;124m'[39m, [38;5;124m'[39m[38;5;124m50-60[39m[38;5;124m%[39m[38;5;124m'[39m, [38;5;124m'[39m[38;5;124m60-70[39m[38;5;124m%[39m[38;5;124m'[39m, [38;5;124m'[39m[38;5;124m70-80[39m[38;5;124m%[39m[38;5;124m'[39m, [38;5;124m'[39m[38;5;124m80-90[39m[38;5;124m%[39m[38;5;124m'[39m, [38;5;124m'[39m[38;5;124m90-100[39m[38;5;124m%[39m[38;5;124m'[39m],
[1;32m      6[0m     [38;5;124m'[39m[38;5;124mTotal Wealth[39m[38;5;124m'[39m: [[38;5;241m1.8[39m, [38;5;241m3.8[39m, [38;5;241m7.2[39m, [38;5;241m12.[39m, [38;5;241m19.5[39m, [38;5;241m56.1[39m],
[1;32m      7[0m })

[0;31mModuleNotFoundError[0m: No module named 'plotly'

